# JRE version: Java(TM) SE Runtime Environment (8.0_211-b12) (build 1.8.0_211-b12)
# Java VM: Java HotSpot(TM) 64-Bit Server VM (25.211-b12 mixed mode windows-amd64 compressed oops)
Heap:
 PSYoungGen      total 177152K, used 114422K [0x00000000d5b80000, 0x00000000e5280000, 0x0000000100000000)
  eden space 166400K, 68% used [0x00000000d5b80000,0x00000000dcb3d978,0x00000000dfe00000)
  from space 10752K, 0% used [0x00000000e0880000,0x00000000e0880000,0x00000000e1300000)
  to   space 10752K, 0% used [0x00000000dfe00000,0x00000000dfe00000,0x00000000e0880000)
 ParOldGen       total 78336K, used 13000K [0x0000000081200000, 0x0000000085e80000, 0x00000000d5b80000)
  object space 78336K, 16% used [0x0000000081200000,0x0000000081eb20c0,0x0000000085e80000)
 Metaspace       used 44124K, capacity 46714K, committed 47024K, reserved 1089536K
  class space    used 5711K, capacity 6196K, committed 6320K, reserved 1048576K
GC Heap History (10 events):
Event: 2.837 GC heap before
{Heap before GC invocations=6 (full 1):
 PSYoungGen      total 71680K, used 5117K [0x00000000d5b80000, 0x00000000def80000, 0x0000000100000000)
  eden space 66560K, 0% used [0x00000000d5b80000,0x00000000d5b80000,0x00000000d9c80000)
  from space 5120K, 99% used [0x00000000d9c80000,0x00000000da17f6f8,0x00000000da180000)
  to   space 9216K, 0% used [0x00000000de680000,0x00000000de680000,0x00000000def80000)
 ParOldGen       total 87552K, used 8043K [0x0000000081200000, 0x0000000086780000, 0x00000000d5b80000)
  object space 87552K, 9% used [0x0000000081200000,0x00000000819dae48,0x0000000086780000)
 Metaspace       used 20402K, capacity 21240K, committed 21296K, reserved 1067008K
  class space    used 2649K, capacity 2836K, committed 2864K, reserved 1048576K
Event: 2.869 GC heap after
Heap after GC invocations=6 (full 1):
 PSYoungGen      total 71680K, used 0K [0x00000000d5b80000, 0x00000000def80000, 0x0000000100000000)
  eden space 66560K, 0% used [0x00000000d5b80000,0x00000000d5b80000,0x00000000d9c80000)
  from space 5120K, 0% used [0x00000000d9c80000,0x00000000d9c80000,0x00000000da180000)
  to   space 9216K, 0% used [0x00000000de680000,0x00000000de680000,0x00000000def80000)
 ParOldGen       total 56832K, used 7396K [0x0000000081200000, 0x0000000084980000, 0x00000000d5b80000)
  object space 56832K, 13% used [0x0000000081200000,0x00000000819391b0,0x0000000084980000)
 Metaspace       used 20402K, capacity 21240K, committed 21296K, reserved 1067008K
  class space    used 2649K, capacity 2836K, committed 2864K, reserved 1048576K
}
Event: 3.527 GC heap before
{Heap before GC invocations=7 (full 1):
 PSYoungGen      total 71680K, used 66560K [0x00000000d5b80000, 0x00000000def80000, 0x0000000100000000)
  eden space 66560K, 100% used [0x00000000d5b80000,0x00000000d9c80000,0x00000000d9c80000)
  from space 5120K, 0% used [0x00000000d9c80000,0x00000000d9c80000,0x00000000da180000)
  to   space 9216K, 0% used [0x00000000de680000,0x00000000de680000,0x00000000def80000)
 ParOldGen       total 56832K, used 7396K [0x0000000081200000, 0x0000000084980000, 0x00000000d5b80000)
  object space 56832K, 13% used [0x0000000081200000,0x00000000819391b0,0x0000000084980000)
 Metaspace       used 25157K, capacity 26694K, committed 27056K, reserved 1073152K
  class space    used 3362K, capacity 3645K, committed 3760K, reserved 1048576K
Event: 3.533 GC heap after
Heap after GC invocations=7 (full 1):
 PSYoungGen      total 114176K, used 6953K [0x00000000d5b80000, 0x00000000ded80000, 0x0000000100000000)
  eden space 107008K, 0% used [0x00000000d5b80000,0x00000000d5b80000,0x00000000dc400000)
  from space 7168K, 97% used [0x00000000de680000,0x00000000ded4a510,0x00000000ded80000)
  to   space 8704K, 0% used [0x00000000ddc80000,0x00000000ddc80000,0x00000000de500000)
 ParOldGen       total 56832K, used 7404K [0x0000000081200000, 0x0000000084980000, 0x00000000d5b80000)
  object space 56832K, 13% used [0x0000000081200000,0x000000008193b1b0,0x0000000084980000)
 Metaspace       used 25157K, capacity 26694K, committed 27056K, reserved 1073152K
  class space    used 3362K, capacity 3645K, committed 3760K, reserved 1048576K
}
Event: 5.318 GC heap before
{Heap before GC invocations=8 (full 1):
 PSYoungGen      total 114176K, used 113961K [0x00000000d5b80000, 0x00000000ded80000, 0x0000000100000000)
  eden space 107008K, 100% used [0x00000000d5b80000,0x00000000dc400000,0x00000000dc400000)
  from space 7168K, 97% used [0x00000000de680000,0x00000000ded4a510,0x00000000ded80000)
  to   space 8704K, 0% used [0x00000000ddc80000,0x00000000ddc80000,0x00000000de500000)
 ParOldGen       total 56832K, used 7404K [0x0000000081200000, 0x0000000084980000, 0x00000000d5b80000)
  object space 56832K, 13% used [0x0000000081200000,0x000000008193b1b0,0x0000000084980000)
 Metaspace       used 32947K, capacity 34996K, committed 35248K, reserved 1079296K
  class space    used 4383K, capacity 4770K, committed 4784K, reserved 1048576K
Event: 5.327 GC heap after
Heap after GC invocations=8 (full 1):
 PSYoungGen      total 140800K, used 8689K [0x00000000d5b80000, 0x00000000e1300000, 0x0000000100000000)
  eden space 132096K, 0% used [0x00000000d5b80000,0x00000000d5b80000,0x00000000ddc80000)
  from space 8704K, 99% used [0x00000000ddc80000,0x00000000de4fc4a8,0x00000000de500000)
  to   space 10752K, 0% used [0x00000000e0880000,0x00000000e0880000,0x00000000e1300000)
 ParOldGen       total 56832K, used 10172K [0x0000000081200000, 0x0000000084980000, 0x00000000d5b80000)
  object space 56832K, 17% used [0x0000000081200000,0x0000000081bef308,0x0000000084980000)
 Metaspace       used 32947K, capacity 34996K, committed 35248K, reserved 1079296K
  class space    used 4383K, capacity 4770K, committed 4784K, reserved 1048576K
}
Event: 5.379 GC heap before
{Heap before GC invocations=9 (full 1):
 PSYoungGen      total 140800K, used 18707K [0x00000000d5b80000, 0x00000000e1300000, 0x0000000100000000)
  eden space 132096K, 7% used [0x00000000d5b80000,0x00000000d6548848,0x00000000ddc80000)
  from space 8704K, 99% used [0x00000000ddc80000,0x00000000de4fc4a8,0x00000000de500000)
  to   space 10752K, 0% used [0x00000000e0880000,0x00000000e0880000,0x00000000e1300000)
 ParOldGen       total 56832K, used 10172K [0x0000000081200000, 0x0000000084980000, 0x00000000d5b80000)
  object space 56832K, 17% used [0x0000000081200000,0x0000000081bef308,0x0000000084980000)
 Metaspace       used 33313K, capacity 35412K, committed 35496K, reserved 1079296K
  class space    used 4437K, capacity 4830K, committed 4912K, reserved 1048576K
Event: 5.384 GC heap after
Heap after GC invocations=9 (full 1):
 PSYoungGen      total 177152K, used 7149K [0x00000000d5b80000, 0x00000000e5280000, 0x0000000100000000)
  eden space 166400K, 0% used [0x00000000d5b80000,0x00000000d5b80000,0x00000000dfe00000)
  from space 10752K, 66% used [0x00000000e0880000,0x00000000e0f7b708,0x00000000e1300000)
  to   space 10752K, 0% used [0x00000000dfe00000,0x00000000dfe00000,0x00000000e0880000)
 ParOldGen       total 56832K, used 10180K [0x0000000081200000, 0x0000000084980000, 0x00000000d5b80000)
  object space 56832K, 17% used [0x0000000081200000,0x0000000081bf1308,0x0000000084980000)
 Metaspace       used 33313K, capacity 35412K, committed 35496K, reserved 1079296K
  class space    used 4437K, capacity 4830K, committed 4912K, reserved 1048576K
}
Event: 5.384 GC heap before
{Heap before GC invocations=10 (full 2):
 PSYoungGen      total 177152K, used 7149K [0x00000000d5b80000, 0x00000000e5280000, 0x0000000100000000)
  eden space 166400K, 0% used [0x00000000d5b80000,0x00000000d5b80000,0x00000000dfe00000)
  from space 10752K, 66% used [0x00000000e0880000,0x00000000e0f7b708,0x00000000e1300000)
  to   space 10752K, 0% used [0x00000000dfe00000,0x00000000dfe00000,0x00000000e0880000)
 ParOldGen       total 56832K, used 10180K [0x0000000081200000, 0x0000000084980000, 0x00000000d5b80000)
  object space 56832K, 17% used [0x0000000081200000,0x0000000081bf1308,0x0000000084980000)
 Metaspace       used 33313K, capacity 35412K, committed 35496K, reserved 1079296K
  class space    used 4437K, capacity 4830K, committed 4912K, reserved 1048576K
Event: 5.443 GC heap after
Heap after GC invocations=10 (full 2):
 PSYoungGen      total 177152K, used 0K [0x00000000d5b80000, 0x00000000e5280000, 0x0000000100000000)
  eden space 166400K, 0% used [0x00000000d5b80000,0x00000000d5b80000,0x00000000dfe00000)
  from space 10752K, 0% used [0x00000000e0880000,0x00000000e0880000,0x00000000e1300000)
  to   space 10752K, 0% used [0x00000000dfe00000,0x00000000dfe00000,0x00000000e0880000)
 ParOldGen       total 78336K, used 13000K [0x0000000081200000, 0x0000000085e80000, 0x00000000d5b80000)
  object space 78336K, 16% used [0x0000000081200000,0x0000000081eb20c0,0x0000000085e80000)
 Metaspace       used 33313K, capacity 35412K, committed 35496K, reserved 1079296K
  class space    used 4437K, capacity 4830K, committed 4912K, reserved 1048576K
}

